-------------------------------------------------------------------------------
Test set: com.uva.users.UsersApplicationTests
-------------------------------------------------------------------------------
Tests run: 1, Failures: 0, Errors: 1, Skipped: 0, Time elapsed: 0.252 s <<< FAILURE! - in com.uva.users.UsersApplicationTests
com.uva.users.UsersApplicationTests  Time elapsed: 0.25 s  <<< ERROR!
java.lang.IllegalStateException: Unable to find a @SpringBootConfiguration, you need to use @ContextConfiguration or @SpringBootTest(classes=...) with your test

