-------------------------------------------------------------------------------
Test set: com.uva.vehicles.VehiclesApplicationTests
-------------------------------------------------------------------------------
Tests run: 1, Failures: 0, Errors: 1, Skipped: 0, Time elapsed: 0.515 s <<< FAILURE! - in com.uva.vehicles.VehiclesApplicationTests
com.uva.vehicles.VehiclesApplicationTests  Time elapsed: 0.511 s  <<< ERROR!
java.lang.IllegalStateException: Unable to find a @SpringBootConfiguration, you need to use @ContextConfiguration or @SpringBootTest(classes=...) with your test

