<?xml version="1.0" encoding="UTF-8"?>
<testsuite xmlns:xsi="http://www.w3.org/2001/XMLSchema-instance" xsi:noNamespaceSchemaLocation="https://maven.apache.org/surefire/maven-surefire-plugin/xsd/surefire-test-report.xsd" name="com.uva.vehicles.VehiclesApplicationTests" time="0.515" tests="1" errors="1" skipped="0" failures="0">
  <properties>
[...]
</properties>
  <testcase name="com.uva.vehicles.VehiclesApplicationTests" classname="com.uva.vehicles.VehiclesApplicationTests" time="0.511">
    <error message="Unable to find a @SpringBootConfiguration, you need to use @ContextConfiguration or @SpringBootTest(classes=...) with your test" type="java.lang.IllegalStateException">java.lang.IllegalStateException: Unable to find a @SpringBootConfiguration, you need to use @ContextConfiguration or @SpringBootTest(classes=...) with your test
</error>
    <system-out><![CDATA[20:03:18.575 [main] DEBUG org.springframework.test.context.BootstrapUtils - Instantiating CacheAwareContextLoaderDelegate from class [org.springframework.test.context.cache.DefaultCacheAwareContextLoaderDelegate]
20:03:18.595 [main] DEBUG org.springframework.test.context.BootstrapUtils - Instantiating BootstrapContext using constructor [public org.springframework.test.context.support.DefaultBootstrapContext(java.lang.Class,org.springframework.test.context.CacheAwareContextLoaderDelegate)]
20:03:18.674 [main] DEBUG org.springframework.test.context.BootstrapUtils - Instantiating TestContextBootstrapper for test class [com.uva.vehicles.VehiclesApplicationTests] from class [org.springframework.boot.test.context.SpringBootTestContextBootstrapper]
20:03:18.693 [main] INFO org.springframework.boot.test.context.SpringBootTestContextBootstrapper - Neither @ContextConfiguration nor @ContextHierarchy found for test class [com.uva.vehicles.VehiclesApplicationTests], using SpringBootContextLoader
20:03:18.699 [main] DEBUG org.springframework.test.context.support.AbstractContextLoader - Did not detect default resource location for test class [com.uva.vehicles.VehiclesApplicationTests]: class path resource [com/uva/vehicles/VehiclesApplicationTests-context.xml] does not exist
20:03:18.701 [main] DEBUG org.springframework.test.context.support.AbstractContextLoader - Did not detect default resource location for test class [com.uva.vehicles.VehiclesApplicationTests]: class path resource [com/uva/vehicles/VehiclesApplicationTestsContext.groovy] does not exist
20:03:18.701 [main] INFO org.springframework.test.context.support.AbstractContextLoader - Could not detect default resource locations for test class [com.uva.vehicles.VehiclesApplicationTests]: no resource found for suffixes {-context.xml, Context.groovy}.
20:03:18.702 [main] INFO org.springframework.test.context.support.AnnotationConfigContextLoaderUtils - Could not detect default configuration classes for test class [com.uva.vehicles.VehiclesApplicationTests]: VehiclesApplicationTests does not declare any static, non-private, non-final, nested classes annotated with @Configuration.
20:03:18.787 [main] DEBUG org.springframework.test.context.support.ActiveProfilesUtils - Could not find an 'annotation declaring class' for annotation type [org.springframework.test.context.ActiveProfiles] and class [com.uva.vehicles.VehiclesApplicationTests]
]]></system-out>
  </testcase>
</testsuite>